<?xml version="1.0" encoding="UTF-8"?>
<!-- Generated by org.testng.reporters.JUnitReportReporter -->
<testsuite hostname="Richard" failures="0" tests="1" name="tests.Test1" time="13.335" errors="0" timestamp="2024-08-12T13:45:43 CDT" skipped="0">
  <testcase classname="tests.Test1" name="keyboardEvent" time="13.335"/>
  <system-out/>
</testsuite> <!-- tests.Test1 -->
