<?xml version="1.0" encoding="UTF-8"?>
<!-- Generated by org.testng.reporters.JUnitReportReporter -->
<testsuite hostname="Richard" failures="0" tests="1" name="variousConcepts.CrmTest" time="24.285" errors="0" timestamp="2024-08-12T22:23:24 CDT" skipped="0">
  <testcase classname="variousConcepts.CrmTest" name="addCustomer" time="24.285"/>
  <system-out/>
</testsuite> <!-- variousConcepts.CrmTest -->
